[debug] [2019-05-10T06:58:59.282Z] ----------------------------------------------------------------------
[debug] [2019-05-10T06:58:59.285Z] Command:       C:\Program Files\nodejs\node.exe C:\Users\serby\AppData\Roaming\npm\node_modules\firebase-tools\lib\bin\firebase.js init
[debug] [2019-05-10T06:58:59.285Z] CLI Version:   6.9.1
[debug] [2019-05-10T06:58:59.285Z] Platform:      win32
[debug] [2019-05-10T06:58:59.285Z] Node Version:  v11.13.0
[debug] [2019-05-10T06:58:59.286Z] Time:          Fri May 10 2019 09:58:59 GMT+0300 (Eastern European Summer Time)
[debug] [2019-05-10T06:58:59.286Z] ----------------------------------------------------------------------
[debug] 
[debug] [2019-05-10T06:58:59.292Z] > command requires scopes: ["email","openid","https://www.googleapis.com/auth/cloudplatformprojects.readonly","https://www.googleapis.com/auth/firebase","https://www.googleapis.com/auth/cloud-platform"]
[debug] [2019-05-10T06:58:59.292Z] > authorizing via signed-in user
[info] 
     ######## #### ########  ######## ########     ###     ######  ########
     ##        ##  ##     ## ##       ##     ##  ##   ##  ##       ##
     ######    ##  ########  ######   ########  #########  ######  ######
     ##        ##  ##    ##  ##       ##     ## ##     ##       ## ##
     ##       #### ##     ## ######## ########  ##     ##  ######  ########

You're about to initialize a Firebase project in this directory:

  C:\Users\serby\Documents\GitHub\ASSIST-Book-a-Book

[info] 
=== Project Setup
[info] 
[info] First, let's associate this project directory with a Firebase project.
[info] You can create multiple project aliases by running firebase use --add, 
[info] but for now we'll just set up a default project.
[info] 
[debug] [2019-05-10T06:59:38.347Z] > refreshing access token with scopes: ["email","https://www.googleapis.com/auth/cloud-platform","https://www.googleapis.com/auth/cloudplatformprojects.readonly","https://www.googleapis.com/auth/firebase","openid"]
[debug] [2019-05-10T06:59:38.347Z] >>> HTTP REQUEST POST https://www.googleapis.com/oauth2/v3/token  
 <request body omitted>
[debug] [2019-05-10T06:59:38.897Z] <<< HTTP RESPONSE 200
[debug] [2019-05-10T06:59:38.902Z] >>> HTTP REQUEST GET https://firebase.googleapis.com/v1beta1/projects?page_size=100  
 
[debug] [2019-05-10T06:59:39.586Z] <<< HTTP RESPONSE 200
[info] 
=== Database Setup
[info] 
[info] Firebase Realtime Database Rules allow you to define how your data should be
[info] structured and when your data can be read from and written to.
[info] 
